{"C:\\Users\\herna\\Desktop\\UTEC\\PROYECTO FINAL\\PuertaVerde\\back-ExpressJS\\config\\config.js": {"path":"C:\\Users\\herna\\Desktop\\UTEC\\PROYECTO FINAL\\PuertaVerde\\back-ExpressJS\\config\\config.js","statementMap":{"0":{"start":{"line":2,"column":0},"end":{"line":2,"column":27}},"1":{"start":{"line":4,"column":14},"end":{"line":4,"column":31}},"2":{"start":{"line":6,"column":12},"end":{"line":6,"column":32}},"3":{"start":{"line":16,"column":11},"end":{"line":22,"column":2}},"4":{"start":{"line":24,"column":0},"end":{"line":29,"column":3}},"5":{"start":{"line":25,"column":2},"end":{"line":25,"column":21}},"6":{"start":{"line":25,"column":11},"end":{"line":25,"column":21}},"7":{"start":{"line":26,"column":2},"end":{"line":28,"column":3}},"8":{"start":{"line":27,"column":4},"end":{"line":27,"column":48}},"9":{"start":{"line":31,"column":0},"end":{"line":54,"column":2}}},"fnMap":{"0":{"name":"(anonymous_0)","decl":{"start":{"line":24,"column":11},"end":{"line":24,"column":12}},"loc":{"start":{"line":24,"column":18},"end":{"line":29,"column":1}},"line":24}},"branchMap":{"0":{"loc":{"start":{"line":25,"column":2},"end":{"line":25,"column":21}},"type":"if","locations":[{"start":{"line":25,"column":2},"end":{"line":25,"column":21}},{"start":{},"end":{}}],"line":25},"1":{"loc":{"start":{"line":26,"column":2},"end":{"line":28,"column":3}},"type":"if","locations":[{"start":{"line":26,"column":2},"end":{"line":28,"column":3}},{"start":{},"end":{}}],"line":26}},"s":{"0":3,"1":3,"2":3,"3":3,"4":3,"5":3,"6":0,"7":3,"8":3,"9":3},"f":{"0":3},"b":{"0":[0,3],"1":[3,0]},"_coverageSchema":"1a1c01bbd47fc00a2c39e90264f33305004495a9","hash":"2c9690ba1442980c0e8fc685312b4eb50b88bb10"}
,"C:\\Users\\herna\\Desktop\\UTEC\\PROYECTO FINAL\\PuertaVerde\\back-ExpressJS\\src\\app.js": {"path":"C:\\Users\\herna\\Desktop\\UTEC\\PROYECTO FINAL\\PuertaVerde\\back-ExpressJS\\src\\app.js","statementMap":{"0":{"start":{"line":1,"column":16},"end":{"line":1,"column":34}},"1":{"start":{"line":2,"column":13},"end":{"line":2,"column":28}},"2":{"start":{"line":3,"column":12},"end":{"line":3,"column":21}},"3":{"start":{"line":4,"column":13},"end":{"line":4,"column":17}},"4":{"start":{"line":7,"column":11},"end":{"line":7,"column":30}},"5":{"start":{"line":10,"column":24},"end":{"line":10,"column":43}},"6":{"start":{"line":13,"column":22},"end":{"line":13,"column":58}},"7":{"start":{"line":16,"column":13},"end":{"line":16,"column":40}},"8":{"start":{"line":17,"column":11},"end":{"line":22,"column":2}},"9":{"start":{"line":25,"column":0},"end":{"line":25,"column":16}},"10":{"start":{"line":26,"column":0},"end":{"line":26,"column":24}},"11":{"start":{"line":29,"column":0},"end":{"line":32,"column":3}},"12":{"start":{"line":30,"column":2},"end":{"line":30,"column":14}},"13":{"start":{"line":31,"column":2},"end":{"line":31,"column":9}},"14":{"start":{"line":35,"column":0},"end":{"line":35,"column":25}},"15":{"start":{"line":38,"column":0},"end":{"line":38,"column":18}},"16":{"start":{"line":40,"column":0},"end":{"line":49,"column":1}},"17":{"start":{"line":42,"column":2},"end":{"line":48,"column":5}},"18":{"start":{"line":43,"column":4},"end":{"line":45,"column":7}},"19":{"start":{"line":44,"column":6},"end":{"line":44,"column":71}},"20":{"start":{"line":47,"column":4},"end":{"line":47,"column":77}},"21":{"start":{"line":51,"column":0},"end":{"line":51,"column":39}}},"fnMap":{"0":{"name":"(anonymous_0)","decl":{"start":{"line":29,"column":8},"end":{"line":29,"column":9}},"loc":{"start":{"line":29,"column":28},"end":{"line":32,"column":1}},"line":29},"1":{"name":"(anonymous_1)","decl":{"start":{"line":42,"column":27},"end":{"line":42,"column":28}},"loc":{"start":{"line":42,"column":33},"end":{"line":46,"column":3}},"line":42},"2":{"name":"(anonymous_2)","decl":{"start":{"line":43,"column":22},"end":{"line":43,"column":23}},"loc":{"start":{"line":43,"column":28},"end":{"line":45,"column":5}},"line":43},"3":{"name":"(anonymous_3)","decl":{"start":{"line":46,"column":11},"end":{"line":46,"column":12}},"loc":{"start":{"line":46,"column":22},"end":{"line":48,"column":3}},"line":46}},"branchMap":{"0":{"loc":{"start":{"line":40,"column":0},"end":{"line":49,"column":1}},"type":"if","locations":[{"start":{"line":40,"column":0},"end":{"line":49,"column":1}},{"start":{},"end":{}}],"line":40}},"s":{"0":2,"1":2,"2":2,"3":2,"4":2,"5":2,"6":2,"7":2,"8":2,"9":2,"10":2,"11":2,"12":3,"13":3,"14":2,"15":2,"16":2,"17":0,"18":0,"19":0,"20":0,"21":2},"f":{"0":3,"1":0,"2":0,"3":0},"b":{"0":[0,2]},"_coverageSchema":"1a1c01bbd47fc00a2c39e90264f33305004495a9","hash":"946284f81f58e288236cb71baed09f8f9c081feb"}
,"C:\\Users\\herna\\Desktop\\UTEC\\PROYECTO FINAL\\PuertaVerde\\back-ExpressJS\\src\\controllers\\mesaController.js": {"path":"C:\\Users\\herna\\Desktop\\UTEC\\PROYECTO FINAL\\PuertaVerde\\back-ExpressJS\\src\\controllers\\mesaController.js","statementMap":{"0":{"start":{"line":3,"column":15},"end":{"line":3,"column":48}},"1":{"start":{"line":4,"column":20},"end":{"line":4,"column":57}},"2":{"start":{"line":6,"column":23},"end":{"line":64,"column":3}},"3":{"start":{"line":9,"column":27},"end":{"line":9,"column":75}},"4":{"start":{"line":10,"column":24},"end":{"line":10,"column":65}},"5":{"start":{"line":12,"column":6},"end":{"line":14,"column":7}},"6":{"start":{"line":13,"column":8},"end":{"line":13,"column":67}},"7":{"start":{"line":16,"column":6},"end":{"line":21,"column":7}},"8":{"start":{"line":17,"column":8},"end":{"line":17,"column":59}},"9":{"start":{"line":18,"column":8},"end":{"line":18,"column":58}},"10":{"start":{"line":20,"column":8},"end":{"line":20,"column":64}},"11":{"start":{"line":25,"column":6},"end":{"line":30,"column":7}},"12":{"start":{"line":26,"column":22},"end":{"line":26,"column":50}},"13":{"start":{"line":27,"column":8},"end":{"line":27,"column":24}},"14":{"start":{"line":29,"column":8},"end":{"line":29,"column":66}},"15":{"start":{"line":34,"column":21},"end":{"line":34,"column":31}},"16":{"start":{"line":35,"column":27},"end":{"line":35,"column":48}},"17":{"start":{"line":36,"column":24},"end":{"line":36,"column":42}},"18":{"start":{"line":37,"column":17},"end":{"line":37,"column":23}},"19":{"start":{"line":39,"column":6},"end":{"line":41,"column":7}},"20":{"start":{"line":40,"column":8},"end":{"line":40,"column":67}},"21":{"start":{"line":43,"column":6},"end":{"line":52,"column":7}},"22":{"start":{"line":44,"column":23},"end":{"line":44,"column":80}},"23":{"start":{"line":45,"column":8},"end":{"line":47,"column":9}},"24":{"start":{"line":46,"column":10},"end":{"line":46,"column":73}},"25":{"start":{"line":48,"column":8},"end":{"line":48,"column":59}},"26":{"start":{"line":49,"column":8},"end":{"line":49,"column":62}},"27":{"start":{"line":51,"column":8},"end":{"line":51,"column":68}},"28":{"start":{"line":56,"column":21},"end":{"line":56,"column":31}},"29":{"start":{"line":57,"column":6},"end":{"line":62,"column":7}},"30":{"start":{"line":58,"column":8},"end":{"line":58,"column":41}},"31":{"start":{"line":59,"column":8},"end":{"line":59,"column":35}},"32":{"start":{"line":61,"column":8},"end":{"line":61,"column":66}},"33":{"start":{"line":65,"column":2},"end":{"line":65,"column":34}}},"fnMap":{"0":{"name":"(anonymous_0)","decl":{"start":{"line":8,"column":13},"end":{"line":8,"column":14}},"loc":{"start":{"line":8,"column":38},"end":{"line":22,"column":5}},"line":8},"1":{"name":"(anonymous_1)","decl":{"start":{"line":24,"column":14},"end":{"line":24,"column":15}},"loc":{"start":{"line":24,"column":39},"end":{"line":31,"column":5}},"line":24},"2":{"name":"(anonymous_2)","decl":{"start":{"line":33,"column":16},"end":{"line":33,"column":17}},"loc":{"start":{"line":33,"column":41},"end":{"line":53,"column":5}},"line":33},"3":{"name":"(anonymous_3)","decl":{"start":{"line":55,"column":16},"end":{"line":55,"column":17}},"loc":{"start":{"line":55,"column":41},"end":{"line":63,"column":5}},"line":55}},"branchMap":{"0":{"loc":{"start":{"line":9,"column":27},"end":{"line":9,"column":75}},"type":"binary-expr","locations":[{"start":{"line":9,"column":27},"end":{"line":9,"column":48}},{"start":{"line":9,"column":52},"end":{"line":9,"column":75}}],"line":9},"1":{"loc":{"start":{"line":10,"column":24},"end":{"line":10,"column":65}},"type":"binary-expr","locations":[{"start":{"line":10,"column":24},"end":{"line":10,"column":42}},{"start":{"line":10,"column":46},"end":{"line":10,"column":65}}],"line":10},"2":{"loc":{"start":{"line":12,"column":6},"end":{"line":14,"column":7}},"type":"if","locations":[{"start":{"line":12,"column":6},"end":{"line":14,"column":7}},{"start":{},"end":{}}],"line":12},"3":{"loc":{"start":{"line":12,"column":10},"end":{"line":12,"column":63}},"type":"binary-expr","locations":[{"start":{"line":12,"column":10},"end":{"line":12,"column":36}},{"start":{"line":12,"column":40},"end":{"line":12,"column":63}}],"line":12},"4":{"loc":{"start":{"line":39,"column":6},"end":{"line":41,"column":7}},"type":"if","locations":[{"start":{"line":39,"column":6},"end":{"line":41,"column":7}},{"start":{},"end":{}}],"line":39},"5":{"loc":{"start":{"line":39,"column":10},"end":{"line":39,"column":63}},"type":"binary-expr","locations":[{"start":{"line":39,"column":10},"end":{"line":39,"column":36}},{"start":{"line":39,"column":40},"end":{"line":39,"column":63}}],"line":39},"6":{"loc":{"start":{"line":45,"column":8},"end":{"line":47,"column":9}},"type":"if","locations":[{"start":{"line":45,"column":8},"end":{"line":47,"column":9}},{"start":{},"end":{}}],"line":45}},"s":{"0":2,"1":2,"2":2,"3":0,"4":0,"5":0,"6":0,"7":0,"8":0,"9":0,"10":0,"11":1,"12":1,"13":1,"14":0,"15":0,"16":0,"17":0,"18":0,"19":0,"20":0,"21":0,"22":0,"23":0,"24":0,"25":0,"26":0,"27":0,"28":0,"29":0,"30":0,"31":0,"32":0,"33":2},"f":{"0":0,"1":1,"2":0,"3":0},"b":{"0":[0,0],"1":[0,0],"2":[0,0],"3":[0,0],"4":[0,0],"5":[0,0],"6":[0,0]},"_coverageSchema":"1a1c01bbd47fc00a2c39e90264f33305004495a9","hash":"040ed960022890cadabb91841b63296eda133726"}
,"C:\\Users\\herna\\Desktop\\UTEC\\PROYECTO FINAL\\PuertaVerde\\back-ExpressJS\\src\\controllers\\usuarioController.js": {"path":"C:\\Users\\herna\\Desktop\\UTEC\\PROYECTO FINAL\\PuertaVerde\\back-ExpressJS\\src\\controllers\\usuarioController.js","statementMap":{"0":{"start":{"line":1,"column":23},"end":{"line":1,"column":60}},"1":{"start":{"line":2,"column":12},"end":{"line":2,"column":35}},"2":{"start":{"line":3,"column":19},"end":{"line":3,"column":41}},"3":{"start":{"line":5,"column":26},"end":{"line":42,"column":1}},"4":{"start":{"line":7,"column":42},"end":{"line":7,"column":50}},"5":{"start":{"line":8,"column":4},"end":{"line":10,"column":5}},"6":{"start":{"line":9,"column":6},"end":{"line":9,"column":67}},"7":{"start":{"line":11,"column":4},"end":{"line":16,"column":5}},"8":{"start":{"line":12,"column":6},"end":{"line":12,"column":67}},"9":{"start":{"line":13,"column":6},"end":{"line":13,"column":58}},"10":{"start":{"line":15,"column":6},"end":{"line":15,"column":67}},"11":{"start":{"line":19,"column":35},"end":{"line":19,"column":43}},"12":{"start":{"line":20,"column":17},"end":{"line":20,"column":70}},"13":{"start":{"line":22,"column":4},"end":{"line":24,"column":5}},"14":{"start":{"line":23,"column":6},"end":{"line":23,"column":80}},"15":{"start":{"line":26,"column":18},"end":{"line":32,"column":5}},"16":{"start":{"line":34,"column":4},"end":{"line":40,"column":7}},"17":{"start":{"line":44,"column":0},"end":{"line":44,"column":35}}},"fnMap":{"0":{"name":"(anonymous_0)","decl":{"start":{"line":6,"column":16},"end":{"line":6,"column":17}},"loc":{"start":{"line":6,"column":36},"end":{"line":17,"column":3}},"line":6},"1":{"name":"(anonymous_1)","decl":{"start":{"line":18,"column":9},"end":{"line":18,"column":10}},"loc":{"start":{"line":18,"column":34},"end":{"line":41,"column":3}},"line":18}},"branchMap":{"0":{"loc":{"start":{"line":8,"column":4},"end":{"line":10,"column":5}},"type":"if","locations":[{"start":{"line":8,"column":4},"end":{"line":10,"column":5}},{"start":{},"end":{}}],"line":8},"1":{"loc":{"start":{"line":8,"column":8},"end":{"line":8,"column":40}},"type":"binary-expr","locations":[{"start":{"line":8,"column":8},"end":{"line":8,"column":17}},{"start":{"line":8,"column":21},"end":{"line":8,"column":27}},{"start":{"line":8,"column":31},"end":{"line":8,"column":40}}],"line":8},"2":{"loc":{"start":{"line":22,"column":4},"end":{"line":24,"column":5}},"type":"if","locations":[{"start":{"line":22,"column":4},"end":{"line":24,"column":5}},{"start":{},"end":{}}],"line":22}},"s":{"0":2,"1":2,"2":2,"3":2,"4":1,"5":1,"6":0,"7":1,"8":1,"9":1,"10":0,"11":1,"12":1,"13":1,"14":0,"15":1,"16":1,"17":2},"f":{"0":1,"1":1},"b":{"0":[0,1],"1":[1,1,1],"2":[0,1]},"_coverageSchema":"1a1c01bbd47fc00a2c39e90264f33305004495a9","hash":"e1c62487a6a99c06907dd30da207847dc1b5036a"}
,"C:\\Users\\herna\\Desktop\\UTEC\\PROYECTO FINAL\\PuertaVerde\\back-ExpressJS\\src\\middleware\\auth.js": {"path":"C:\\Users\\herna\\Desktop\\UTEC\\PROYECTO FINAL\\PuertaVerde\\back-ExpressJS\\src\\middleware\\auth.js","statementMap":{"0":{"start":{"line":9,"column":12},"end":{"line":9,"column":35}},"1":{"start":{"line":11,"column":0},"end":{"line":23,"column":2}},"2":{"start":{"line":12,"column":16},"end":{"line":12,"column":103}},"3":{"start":{"line":14,"column":2},"end":{"line":14,"column":90}},"4":{"start":{"line":14,"column":14},"end":{"line":14,"column":90}},"5":{"start":{"line":16,"column":2},"end":{"line":22,"column":3}},"6":{"start":{"line":17,"column":20},"end":{"line":17,"column":61}},"7":{"start":{"line":18,"column":4},"end":{"line":18,"column":23}},"8":{"start":{"line":19,"column":4},"end":{"line":19,"column":11}},"9":{"start":{"line":21,"column":4},"end":{"line":21,"column":44}}},"fnMap":{"0":{"name":"(anonymous_0)","decl":{"start":{"line":11,"column":17},"end":{"line":11,"column":18}},"loc":{"start":{"line":11,"column":43},"end":{"line":23,"column":1}},"line":11}},"branchMap":{"0":{"loc":{"start":{"line":12,"column":16},"end":{"line":12,"column":103}},"type":"cond-expr","locations":[{"start":{"line":12,"column":46},"end":{"line":12,"column":96}},{"start":{"line":12,"column":99},"end":{"line":12,"column":103}}],"line":12},"1":{"loc":{"start":{"line":14,"column":2},"end":{"line":14,"column":90}},"type":"if","locations":[{"start":{"line":14,"column":2},"end":{"line":14,"column":90}},{"start":{},"end":{}}],"line":14}},"s":{"0":3,"1":3,"2":2,"3":2,"4":0,"5":2,"6":2,"7":2,"8":2,"9":0},"f":{"0":2},"b":{"0":[2,0],"1":[0,2]},"_coverageSchema":"1a1c01bbd47fc00a2c39e90264f33305004495a9","hash":"aa006bb7ca6a0899523e1b9c02d848cf8db0cc61"}
,"C:\\Users\\herna\\Desktop\\UTEC\\PROYECTO FINAL\\PuertaVerde\\back-ExpressJS\\src\\middleware\\validate.js": {"path":"C:\\Users\\herna\\Desktop\\UTEC\\PROYECTO FINAL\\PuertaVerde\\back-ExpressJS\\src\\middleware\\validate.js","statementMap":{"0":{"start":{"line":1,"column":12},"end":{"line":1,"column":26}},"1":{"start":{"line":3,"column":0},"end":{"line":9,"column":2}},"2":{"start":{"line":4,"column":2},"end":{"line":8,"column":3}},"3":{"start":{"line":5,"column":22},"end":{"line":5,"column":47}},"4":{"start":{"line":6,"column":4},"end":{"line":6,"column":69}},"5":{"start":{"line":6,"column":15},"end":{"line":6,"column":69}},"6":{"start":{"line":7,"column":4},"end":{"line":7,"column":11}}},"fnMap":{"0":{"name":"(anonymous_0)","decl":{"start":{"line":3,"column":17},"end":{"line":3,"column":18}},"loc":{"start":{"line":3,"column":35},"end":{"line":9,"column":1}},"line":3},"1":{"name":"(anonymous_1)","decl":{"start":{"line":4,"column":9},"end":{"line":4,"column":10}},"loc":{"start":{"line":4,"column":29},"end":{"line":8,"column":3}},"line":4}},"branchMap":{"0":{"loc":{"start":{"line":6,"column":4},"end":{"line":6,"column":69}},"type":"if","locations":[{"start":{"line":6,"column":4},"end":{"line":6,"column":69}},{"start":{},"end":{}}],"line":6}},"s":{"0":2,"1":2,"2":2,"3":1,"4":1,"5":0,"6":1},"f":{"0":2,"1":1},"b":{"0":[0,1]},"_coverageSchema":"1a1c01bbd47fc00a2c39e90264f33305004495a9","hash":"08cf2c55fa5d2bfbad74b13c5f0423139fbd7879"}
,"C:\\Users\\herna\\Desktop\\UTEC\\PROYECTO FINAL\\PuertaVerde\\back-ExpressJS\\src\\models\\index.js": {"path":"C:\\Users\\herna\\Desktop\\UTEC\\PROYECTO FINAL\\PuertaVerde\\back-ExpressJS\\src\\models\\index.js","statementMap":{"0":{"start":{"line":4,"column":11},"end":{"line":4,"column":24}},"1":{"start":{"line":5,"column":13},"end":{"line":5,"column":28}},"2":{"start":{"line":6,"column":18},"end":{"line":6,"column":38}},"3":{"start":{"line":7,"column":16},"end":{"line":7,"column":34}},"4":{"start":{"line":8,"column":17},"end":{"line":8,"column":42}},"5":{"start":{"line":9,"column":12},"end":{"line":9,"column":49}},"6":{"start":{"line":11,"column":15},"end":{"line":11,"column":66}},"7":{"start":{"line":12,"column":11},"end":{"line":12,"column":13}},"8":{"start":{"line":16,"column":0},"end":{"line":16,"column":85}},"9":{"start":{"line":20,"column":0},"end":{"line":35,"column":5}},"10":{"start":{"line":24,"column":4},"end":{"line":29,"column":6}},"11":{"start":{"line":33,"column":18},"end":{"line":33,"column":85}},"12":{"start":{"line":34,"column":4},"end":{"line":34,"column":27}},"13":{"start":{"line":38,"column":0},"end":{"line":42,"column":3}},"14":{"start":{"line":39,"column":2},"end":{"line":41,"column":3}},"15":{"start":{"line":40,"column":4},"end":{"line":40,"column":32}},"16":{"start":{"line":45,"column":0},"end":{"line":45,"column":25}},"17":{"start":{"line":46,"column":0},"end":{"line":46,"column":25}},"18":{"start":{"line":48,"column":0},"end":{"line":48,"column":20}}},"fnMap":{"0":{"name":"(anonymous_0)","decl":{"start":{"line":22,"column":10},"end":{"line":22,"column":11}},"loc":{"start":{"line":22,"column":18},"end":{"line":30,"column":3}},"line":22},"1":{"name":"(anonymous_1)","decl":{"start":{"line":31,"column":11},"end":{"line":31,"column":12}},"loc":{"start":{"line":31,"column":19},"end":{"line":35,"column":3}},"line":31},"2":{"name":"(anonymous_2)","decl":{"start":{"line":38,"column":24},"end":{"line":38,"column":25}},"loc":{"start":{"line":38,"column":37},"end":{"line":42,"column":1}},"line":38}},"branchMap":{"0":{"loc":{"start":{"line":9,"column":12},"end":{"line":9,"column":49}},"type":"binary-expr","locations":[{"start":{"line":9,"column":12},"end":{"line":9,"column":32}},{"start":{"line":9,"column":36},"end":{"line":9,"column":49}}],"line":9},"1":{"loc":{"start":{"line":25,"column":6},"end":{"line":28,"column":37}},"type":"binary-expr","locations":[{"start":{"line":25,"column":6},"end":{"line":25,"column":29}},{"start":{"line":26,"column":6},"end":{"line":26,"column":23}},{"start":{"line":27,"column":6},"end":{"line":27,"column":30}},{"start":{"line":28,"column":6},"end":{"line":28,"column":37}}],"line":25},"2":{"loc":{"start":{"line":39,"column":2},"end":{"line":41,"column":3}},"type":"if","locations":[{"start":{"line":39,"column":2},"end":{"line":41,"column":3}},{"start":{},"end":{}}],"line":39}},"s":{"0":3,"1":3,"2":3,"3":3,"4":3,"5":3,"6":3,"7":3,"8":3,"9":3,"10":9,"11":6,"12":6,"13":3,"14":6,"15":3,"16":3,"17":3,"18":3},"f":{"0":9,"1":6,"2":6},"b":{"0":[3,0],"1":[9,9,6,6],"2":[3,3]},"_coverageSchema":"1a1c01bbd47fc00a2c39e90264f33305004495a9","hash":"7f25a36fb33937611d12fbaddc1a5c3e503d9818"}
,"C:\\Users\\herna\\Desktop\\UTEC\\PROYECTO FINAL\\PuertaVerde\\back-ExpressJS\\src\\models\\mesa.js": {"path":"C:\\Users\\herna\\Desktop\\UTEC\\PROYECTO FINAL\\PuertaVerde\\back-ExpressJS\\src\\models\\mesa.js","statementMap":{"0":{"start":{"line":4,"column":18},"end":{"line":4,"column":38}},"1":{"start":{"line":7,"column":0},"end":{"line":32,"column":2}},"2":{"start":{"line":15,"column":2},"end":{"line":29,"column":5}},"3":{"start":{"line":31,"column":2},"end":{"line":31,"column":14}}},"fnMap":{"0":{"name":"(anonymous_0)","decl":{"start":{"line":7,"column":17},"end":{"line":7,"column":18}},"loc":{"start":{"line":7,"column":43},"end":{"line":32,"column":1}},"line":7}},"branchMap":{},"s":{"0":3,"1":3,"2":3,"3":3},"f":{"0":3},"b":{},"_coverageSchema":"1a1c01bbd47fc00a2c39e90264f33305004495a9","hash":"c62d2a15047fbfe68e6820d507a85eb9abd3251c"}
,"C:\\Users\\herna\\Desktop\\UTEC\\PROYECTO FINAL\\PuertaVerde\\back-ExpressJS\\src\\models\\usuario.js": {"path":"C:\\Users\\herna\\Desktop\\UTEC\\PROYECTO FINAL\\PuertaVerde\\back-ExpressJS\\src\\models\\usuario.js","statementMap":{"0":{"start":{"line":5,"column":4},"end":{"line":5,"column":24}},"1":{"start":{"line":6,"column":15},"end":{"line":6,"column":32}},"2":{"start":{"line":8,"column":0},"end":{"line":42,"column":2}},"3":{"start":{"line":14,"column":2},"end":{"line":40,"column":5}},"4":{"start":{"line":34,"column":8},"end":{"line":37,"column":9}},"5":{"start":{"line":35,"column":23},"end":{"line":35,"column":47}},"6":{"start":{"line":36,"column":10},"end":{"line":36,"column":71}},"7":{"start":{"line":41,"column":2},"end":{"line":41,"column":17}}},"fnMap":{"0":{"name":"(anonymous_0)","decl":{"start":{"line":8,"column":17},"end":{"line":8,"column":18}},"loc":{"start":{"line":8,"column":32},"end":{"line":42,"column":1}},"line":8},"1":{"name":"(anonymous_1)","decl":{"start":{"line":10,"column":4},"end":{"line":10,"column":5}},"loc":{"start":{"line":10,"column":29},"end":{"line":12,"column":5}},"line":10},"2":{"name":"(anonymous_2)","decl":{"start":{"line":33,"column":18},"end":{"line":33,"column":19}},"loc":{"start":{"line":33,"column":37},"end":{"line":38,"column":7}},"line":33}},"branchMap":{"0":{"loc":{"start":{"line":34,"column":8},"end":{"line":37,"column":9}},"type":"if","locations":[{"start":{"line":34,"column":8},"end":{"line":37,"column":9}},{"start":{},"end":{}}],"line":34}},"s":{"0":3,"1":3,"2":3,"3":3,"4":2,"5":2,"6":2,"7":3},"f":{"0":3,"1":3,"2":2},"b":{"0":[2,0]},"_coverageSchema":"1a1c01bbd47fc00a2c39e90264f33305004495a9","hash":"9e41900fa7b8812b673c375f3cd15208424a1a72"}
,"C:\\Users\\herna\\Desktop\\UTEC\\PROYECTO FINAL\\PuertaVerde\\back-ExpressJS\\src\\routes\\index.js": {"path":"C:\\Users\\herna\\Desktop\\UTEC\\PROYECTO FINAL\\PuertaVerde\\back-ExpressJS\\src\\routes\\index.js","statementMap":{"0":{"start":{"line":1,"column":19},"end":{"line":1,"column":42}},"1":{"start":{"line":2,"column":22},"end":{"line":2,"column":48}},"2":{"start":{"line":4,"column":0},"end":{"line":7,"column":2}},"3":{"start":{"line":5,"column":2},"end":{"line":5,"column":30}},"4":{"start":{"line":6,"column":2},"end":{"line":6,"column":33}}},"fnMap":{"0":{"name":"(anonymous_0)","decl":{"start":{"line":4,"column":17},"end":{"line":4,"column":18}},"loc":{"start":{"line":4,"column":30},"end":{"line":7,"column":1}},"line":4}},"branchMap":{},"s":{"0":2,"1":2,"2":2,"3":2,"4":2},"f":{"0":2},"b":{},"_coverageSchema":"1a1c01bbd47fc00a2c39e90264f33305004495a9","hash":"31982cea53350aac5cb71defcc3c63f4fb6a352c"}
,"C:\\Users\\herna\\Desktop\\UTEC\\PROYECTO FINAL\\PuertaVerde\\back-ExpressJS\\src\\routes\\mesaRoutes.js": {"path":"C:\\Users\\herna\\Desktop\\UTEC\\PROYECTO FINAL\\PuertaVerde\\back-ExpressJS\\src\\routes\\mesaRoutes.js","statementMap":{"0":{"start":{"line":1,"column":16},"end":{"line":1,"column":34}},"1":{"start":{"line":2,"column":15},"end":{"line":2,"column":31}},"2":{"start":{"line":3,"column":23},"end":{"line":3,"column":63}},"3":{"start":{"line":4,"column":13},"end":{"line":4,"column":42}},"4":{"start":{"line":6,"column":0},"end":{"line":6,"column":45}},"5":{"start":{"line":7,"column":0},"end":{"line":7,"column":52}},"6":{"start":{"line":8,"column":0},"end":{"line":8,"column":51}},"7":{"start":{"line":9,"column":0},"end":{"line":9,"column":54}},"8":{"start":{"line":11,"column":0},"end":{"line":11,"column":24}}},"fnMap":{},"branchMap":{},"s":{"0":2,"1":2,"2":2,"3":2,"4":2,"5":2,"6":2,"7":2,"8":2},"f":{},"b":{},"_coverageSchema":"1a1c01bbd47fc00a2c39e90264f33305004495a9","hash":"c95c52b470212c0f5a58b41f178877e5385ec210"}
,"C:\\Users\\herna\\Desktop\\UTEC\\PROYECTO FINAL\\PuertaVerde\\back-ExpressJS\\src\\routes\\usuarioRoutes.js": {"path":"C:\\Users\\herna\\Desktop\\UTEC\\PROYECTO FINAL\\PuertaVerde\\back-ExpressJS\\src\\routes\\usuarioRoutes.js","statementMap":{"0":{"start":{"line":1,"column":16},"end":{"line":1,"column":34}},"1":{"start":{"line":2,"column":15},"end":{"line":2,"column":31}},"2":{"start":{"line":3,"column":26},"end":{"line":3,"column":69}},"3":{"start":{"line":4,"column":13},"end":{"line":4,"column":42}},"4":{"start":{"line":5,"column":12},"end":{"line":5,"column":26}},"5":{"start":{"line":6,"column":17},"end":{"line":6,"column":50}},"6":{"start":{"line":9,"column":22},"end":{"line":13,"column":4}},"7":{"start":{"line":17,"column":0},"end":{"line":17,"column":81}},"8":{"start":{"line":18,"column":0},"end":{"line":18,"column":47}},"9":{"start":{"line":20,"column":0},"end":{"line":20,"column":24}}},"fnMap":{},"branchMap":{},"s":{"0":2,"1":2,"2":2,"3":2,"4":2,"5":2,"6":2,"7":2,"8":2,"9":2},"f":{},"b":{},"_coverageSchema":"1a1c01bbd47fc00a2c39e90264f33305004495a9","hash":"1ec1ece4eaa24d39c9607f3f6f66db4a2614bfea"}
,"C:\\Users\\herna\\Desktop\\UTEC\\PROYECTO FINAL\\PuertaVerde\\back-ExpressJS\\src\\services\\mesaService.js": {"path":"C:\\Users\\herna\\Desktop\\UTEC\\PROYECTO FINAL\\PuertaVerde\\back-ExpressJS\\src\\services\\mesaService.js","statementMap":{"0":{"start":{"line":3,"column":17},"end":{"line":3,"column":37}},"1":{"start":{"line":5,"column":20},"end":{"line":50,"column":1}},"2":{"start":{"line":7,"column":4},"end":{"line":12,"column":5}},"3":{"start":{"line":8,"column":24},"end":{"line":8,"column":70}},"4":{"start":{"line":9,"column":6},"end":{"line":9,"column":23}},"5":{"start":{"line":11,"column":6},"end":{"line":11,"column":49}},"6":{"start":{"line":16,"column":4},"end":{"line":21,"column":5}},"7":{"start":{"line":17,"column":20},"end":{"line":17,"column":40}},"8":{"start":{"line":18,"column":6},"end":{"line":18,"column":19}},"9":{"start":{"line":20,"column":6},"end":{"line":20,"column":52}},"10":{"start":{"line":25,"column":4},"end":{"line":36,"column":5}},"11":{"start":{"line":26,"column":19},"end":{"line":26,"column":42}},"12":{"start":{"line":27,"column":6},"end":{"line":27,"column":55}},"13":{"start":{"line":27,"column":17},"end":{"line":27,"column":55}},"14":{"start":{"line":29,"column":6},"end":{"line":29,"column":39}},"15":{"start":{"line":30,"column":6},"end":{"line":30,"column":33}},"16":{"start":{"line":31,"column":6},"end":{"line":31,"column":24}},"17":{"start":{"line":33,"column":6},"end":{"line":33,"column":18}},"18":{"start":{"line":35,"column":6},"end":{"line":35,"column":53}},"19":{"start":{"line":40,"column":4},"end":{"line":48,"column":5}},"20":{"start":{"line":41,"column":19},"end":{"line":41,"column":42}},"21":{"start":{"line":42,"column":6},"end":{"line":42,"column":55}},"22":{"start":{"line":42,"column":17},"end":{"line":42,"column":55}},"23":{"start":{"line":44,"column":6},"end":{"line":44,"column":27}},"24":{"start":{"line":45,"column":6},"end":{"line":45,"column":57}},"25":{"start":{"line":47,"column":6},"end":{"line":47,"column":51}},"26":{"start":{"line":52,"column":0},"end":{"line":52,"column":29}}},"fnMap":{"0":{"name":"(anonymous_0)","decl":{"start":{"line":6,"column":11},"end":{"line":6,"column":12}},"loc":{"start":{"line":6,"column":51},"end":{"line":13,"column":3}},"line":6},"1":{"name":"(anonymous_1)","decl":{"start":{"line":15,"column":12},"end":{"line":15,"column":13}},"loc":{"start":{"line":15,"column":29},"end":{"line":22,"column":3}},"line":15},"2":{"name":"(anonymous_2)","decl":{"start":{"line":24,"column":14},"end":{"line":24,"column":15}},"loc":{"start":{"line":24,"column":58},"end":{"line":37,"column":3}},"line":24},"3":{"name":"(anonymous_3)","decl":{"start":{"line":39,"column":14},"end":{"line":39,"column":15}},"loc":{"start":{"line":39,"column":33},"end":{"line":49,"column":3}},"line":39}},"branchMap":{"0":{"loc":{"start":{"line":27,"column":6},"end":{"line":27,"column":55}},"type":"if","locations":[{"start":{"line":27,"column":6},"end":{"line":27,"column":55}},{"start":{},"end":{}}],"line":27},"1":{"loc":{"start":{"line":42,"column":6},"end":{"line":42,"column":55}},"type":"if","locations":[{"start":{"line":42,"column":6},"end":{"line":42,"column":55}},{"start":{},"end":{}}],"line":42}},"s":{"0":2,"1":2,"2":0,"3":0,"4":0,"5":0,"6":1,"7":1,"8":1,"9":0,"10":0,"11":0,"12":0,"13":0,"14":0,"15":0,"16":0,"17":0,"18":0,"19":0,"20":0,"21":0,"22":0,"23":0,"24":0,"25":0,"26":2},"f":{"0":0,"1":1,"2":0,"3":0},"b":{"0":[0,0],"1":[0,0]},"_coverageSchema":"1a1c01bbd47fc00a2c39e90264f33305004495a9","hash":"138ce9707e34a1ed17675fd3a00e0b6d7e7cb2df"}
,"C:\\Users\\herna\\Desktop\\UTEC\\PROYECTO FINAL\\PuertaVerde\\back-ExpressJS\\src\\services\\usuarioService.js": {"path":"C:\\Users\\herna\\Desktop\\UTEC\\PROYECTO FINAL\\PuertaVerde\\back-ExpressJS\\src\\services\\usuarioService.js","statementMap":{"0":{"start":{"line":1,"column":20},"end":{"line":1,"column":40}},"1":{"start":{"line":2,"column":15},"end":{"line":2,"column":34}},"2":{"start":{"line":5,"column":23},"end":{"line":27,"column":1}},"3":{"start":{"line":7,"column":4},"end":{"line":16,"column":5}},"4":{"start":{"line":8,"column":27},"end":{"line":12,"column":8}},"5":{"start":{"line":13,"column":6},"end":{"line":13,"column":26}},"6":{"start":{"line":15,"column":6},"end":{"line":15,"column":51}},"7":{"start":{"line":19,"column":17},"end":{"line":19,"column":62}},"8":{"start":{"line":20,"column":4},"end":{"line":20,"column":27}},"9":{"start":{"line":20,"column":15},"end":{"line":20,"column":27}},"10":{"start":{"line":22,"column":28},"end":{"line":22,"column":73}},"11":{"start":{"line":23,"column":4},"end":{"line":23,"column":38}},"12":{"start":{"line":23,"column":26},"end":{"line":23,"column":38}},"13":{"start":{"line":25,"column":4},"end":{"line":25,"column":16}},"14":{"start":{"line":29,"column":0},"end":{"line":29,"column":32}}},"fnMap":{"0":{"name":"(anonymous_0)","decl":{"start":{"line":6,"column":16},"end":{"line":6,"column":17}},"loc":{"start":{"line":6,"column":53},"end":{"line":17,"column":3}},"line":6},"1":{"name":"(anonymous_1)","decl":{"start":{"line":18,"column":16},"end":{"line":18,"column":17}},"loc":{"start":{"line":18,"column":51},"end":{"line":26,"column":3}},"line":18}},"branchMap":{"0":{"loc":{"start":{"line":20,"column":4},"end":{"line":20,"column":27}},"type":"if","locations":[{"start":{"line":20,"column":4},"end":{"line":20,"column":27}},{"start":{},"end":{}}],"line":20},"1":{"loc":{"start":{"line":23,"column":4},"end":{"line":23,"column":38}},"type":"if","locations":[{"start":{"line":23,"column":4},"end":{"line":23,"column":38}},{"start":{},"end":{}}],"line":23}},"s":{"0":2,"1":2,"2":2,"3":1,"4":1,"5":1,"6":0,"7":1,"8":1,"9":0,"10":1,"11":1,"12":0,"13":1,"14":2},"f":{"0":1,"1":1},"b":{"0":[0,1],"1":[0,1]},"_coverageSchema":"1a1c01bbd47fc00a2c39e90264f33305004495a9","hash":"5273432e4ddfa977b2d22864c4b52178acd84e74"}
,"C:\\Users\\herna\\Desktop\\UTEC\\PROYECTO FINAL\\PuertaVerde\\back-ExpressJS\\src\\webSocket\\socketHandler.js": {"path":"C:\\Users\\herna\\Desktop\\UTEC\\PROYECTO FINAL\\PuertaVerde\\back-ExpressJS\\src\\webSocket\\socketHandler.js","statementMap":{"0":{"start":{"line":3,"column":0},"end":{"line":11,"column":4}},"1":{"start":{"line":5,"column":4},"end":{"line":9,"column":7}},"2":{"start":{"line":6,"column":6},"end":{"line":6,"column":48}}},"fnMap":{"0":{"name":"(anonymous_0)","decl":{"start":{"line":3,"column":17},"end":{"line":3,"column":18}},"loc":{"start":{"line":3,"column":30},"end":{"line":11,"column":3}},"line":3},"1":{"name":"(anonymous_1)","decl":{"start":{"line":5,"column":24},"end":{"line":5,"column":25}},"loc":{"start":{"line":5,"column":36},"end":{"line":9,"column":5}},"line":5}},"branchMap":{},"s":{"0":2,"1":2,"2":0},"f":{"0":2,"1":0},"b":{},"_coverageSchema":"1a1c01bbd47fc00a2c39e90264f33305004495a9","hash":"ce3ad22622d45c540c545cca295f2be87679bb4e"}
}
